<?xml version="1.0" encoding="UTF-8"?>
<testng-results skipped="0" failed="0" total="1" passed="1">
  <reporter-output>
  </reporter-output>
  <suite name="TestMaven" duration-ms="18" started-at="2019-04-30T12:49:36Z" finished-at="2019-04-30T12:49:36Z">
    <groups>
    </groups>
    <test name="Command line test" duration-ms="18" started-at="2019-04-30T12:49:36Z" finished-at="2019-04-30T12:49:36Z">
      <class name="TestMaven">
        <test-method status="PASS" signature="exampleOfTestNgMaven()[pri:0, instance:TestMaven@1531931]" name="exampleOfTestNgMaven" duration-ms="7" started-at="2019-04-30T14:49:36Z" finished-at="2019-04-30T14:49:36Z">
          <reporter-output>
          </reporter-output>
        </test-method> <!-- exampleOfTestNgMaven -->
      </class> <!-- TestMaven -->
    </test> <!-- Command line test -->
  </suite> <!-- TestMaven -->
</testng-results>
